<?xml version="1.0" encoding="UTF-8"?>
<!-- Generated by org.testng.reporters.JUnitReportReporter -->
<testsuite hostname="DESKTOP-UU5DO0R" failures="0" tests="1" name="GETAPITestsWithBDD.ContactsAPIsTest" time="3.027" errors="0" timestamp="2025-04-18T15:52:17 EDT" skipped="0">
  <testcase classname="GETAPITestsWithBDD.ContactsAPIsTest" name="getContactsAPIAuthErrMsgTest" time="3.027"/>
</testsuite> <!-- GETAPITestsWithBDD.ContactsAPIsTest -->
