<?xml version="1.0" encoding="UTF-8"?>
<!-- Generated by org.testng.reporters.JUnitReportReporter -->
<testsuite hostname="DESKTOP-UU5DO0R" failures="0" tests="1" name="POSTAPITests.CreateAPIContactsTest" time="2.248" errors="0" timestamp="2025-04-20T13:04:21 EDT" skipped="0">
  <testcase classname="POSTAPITests.CreateAPIContactsTest" name="createContactsWithJSONFileWithStringReplacementTest" time="2.248"/>
  <system-out/>
</testsuite> <!-- POSTAPITests.CreateAPIContactsTest -->
