<?xml version="1.0" encoding="UTF-8"?>
<!-- Generated by org.testng.reporters.JUnitReportReporter -->
<testsuite hostname="DESKTOP-UU5DO0R" failures="0" tests="2" name="CreateWithPOJOAndLombok.CreateAContactWithLombokTest" time="3.102" errors="0" timestamp="2025-04-20T22:42:07 EDT" skipped="0">
  <testcase classname="CreateWithPOJOAndLombok.CreateAContactWithLombokTest" name="addContactTestWithLombokBuilder" time="0.362"/>
  <system-out/>
  <testcase classname="CreateWithPOJOAndLombok.CreateAContactWithLombokTest" name="addContactTestWithLombok" time="2.740"/>
  <system-out/>
</testsuite> <!-- CreateWithPOJOAndLombok.CreateAContactWithLombokTest -->
