<?xml version="1.0" encoding="UTF-8"?>
<!-- Generated by org.testng.reporters.JUnitReportReporter -->
<testsuite hostname="DESKTOP-UU5DO0R" failures="0" tests="1" name="POSTApiwithDifferentBodyType.PostwithDiffBodyTypes" time="2.112" errors="0" timestamp="2025-04-20T15:20:49 EDT" skipped="0">
  <testcase classname="POSTApiwithDifferentBodyType.PostwithDiffBodyTypes" name="bodyWithImageTest" time="2.112"/>
  <system-out/>
</testsuite> <!-- POSTApiwithDifferentBodyType.PostwithDiffBodyTypes -->
