<?xml version="1.0" encoding="UTF-8"?>
<!-- Generated by org.testng.reporters.JUnitReportReporter -->
<testsuite hostname="DESKTOP-UU5DO0R" failures="0" tests="1" name="BookingAPITests.BookingAPITest" time="3.374" errors="0" timestamp="2025-04-23T21:21:56 EDT" skipped="0">
  <testcase classname="BookingAPITests.BookingAPITest" name="deleteBookingTest" time="3.374"/>
  <system-out/>
</testsuite> <!-- BookingAPITests.BookingAPITest -->
