<?xml version="1.0" encoding="UTF-8"?>
<!-- Generated by org.testng.reporters.JUnitReportReporter -->
<testsuite hostname="DESKTOP-UU5DO0R" failures="0" tests="1" name="POSTAPITests.CreateUserTest" time="5.081" errors="0" timestamp="2025-04-20T15:55:47 EDT" skipped="0">
  <testcase classname="POSTAPITests.CreateUserTest" name="createUserWithJSONFileEmailReplacementTest" time="5.081"/>
  <system-out/>
</testsuite> <!-- POSTAPITests.CreateUserTest -->
