<?xml version="1.0" encoding="UTF-8"?>
<!-- Generated by org.testng.reporters.JUnitReportReporter -->
<testsuite hostname="DESKTOP-UU5DO0R" failures="0" tests="1" name="PUTCallWithBDD.UpdateUserTest" time="5.570" errors="0" timestamp="2025-04-23T16:18:22 EDT" skipped="0">
  <testcase classname="PUTCallWithBDD.UpdateUserTest" name="updateSingleUserTest" time="5.570"/>
  <system-out/>
</testsuite> <!-- PUTCallWithBDD.UpdateUserTest -->
