<?xml version="1.0" encoding="UTF-8"?>
<!-- Generated by org.testng.reporters.JUnitReportReporter -->
<testsuite hostname="DESKTOP-UU5DO0R" failures="0" tests="3" name="GETAPITestsWithBDD.GetUserPostWithPathParam" time="2.153" errors="0" timestamp="2025-04-19T15:55:55 EDT" skipped="0">
  <testcase classname="GETAPITestsWithBDD.GetUserPostWithPathParam" name="getUserPostTestWithPathParamUsingHashMap" time="0.119"/>
  <system-out/>
  <testcase classname="GETAPITestsWithBDD.GetUserPostWithPathParam" name="getUserPostTestWithPathParamUsingHashMap" time="1.935"/>
  <system-out/>
  <testcase classname="GETAPITestsWithBDD.GetUserPostWithPathParam" name="getUserPostTestWithPathParamUsingHashMap" time="0.099"/>
  <system-out/>
</testsuite> <!-- GETAPITestsWithBDD.GetUserPostWithPathParam -->
