<?xml version="1.0" encoding="UTF-8"?>
<!-- Generated by org.testng.reporters.JUnitReportReporter -->
<testsuite hostname="DESKTOP-UU5DO0R" failures="0" tests="1" name="GETAPITestsWithBDD.ProductsAPITest" time="2.555" errors="0" timestamp="2025-04-19T16:14:57 EDT" skipped="0">
  <testcase classname="GETAPITestsWithBDD.ProductsAPITest" name="getProductsCountTest" time="2.555"/>
  <system-out/>
</testsuite> <!-- GETAPITestsWithBDD.ProductsAPITest -->
