<?xml version="1.0" encoding="UTF-8"?>
<!-- Generated by org.testng.reporters.JUnitReportReporter -->
<testsuite hostname="DESKTOP-UU5DO0R" failures="0" tests="1" name="GETAPITestsWithBDD.GetUserWithQueryParam" time="2.359" errors="0" timestamp="2025-04-19T11:30:09 EDT" skipped="0">
  <testcase classname="GETAPITestsWithBDD.GetUserWithQueryParam" name="getUsersTestWithQueryParamUsingHashMap" time="2.359"/>
  <system-out/>
</testsuite> <!-- GETAPITestsWithBDD.GetUserWithQueryParam -->
