<?xml version="1.0" encoding="UTF-8"?>
<!-- Generated by org.testng.reporters.JUnitReportReporter -->
<testsuite hostname="DESKTOP-UU5DO0R" failures="0" tests="1" name="POSTAPITests.CreateAPIUserTest" time="2.694" errors="0" timestamp="2025-04-20T12:53:55 EDT" skipped="0">
  <testcase classname="POSTAPITests.CreateAPIUserTest" name="createUserWithJSONFileEmailReplacementTest" time="2.694"/>
  <system-out/>
</testsuite> <!-- POSTAPITests.CreateAPIUserTest -->
