<?xml version="1.0" encoding="UTF-8"?>
<!-- Generated by org.testng.reporters.JUnitReportReporter -->
<testsuite hostname="DESKTOP-UU5DO0R" failures="0" tests="1" name="GETAPITestsWithNonBDD.GETContactsAPITest" time="1.873" errors="0" timestamp="2025-04-19T16:48:20 EDT" skipped="0">
  <testcase classname="GETAPITestsWithNonBDD.GETContactsAPITest" name="getContactsTest" time="1.873"/>
  <system-out/>
</testsuite> <!-- GETAPITestsWithNonBDD.GETContactsAPITest -->
