<?xml version="1.0" encoding="UTF-8"?>
<!-- Generated by org.testng.reporters.JUnitReportReporter -->
<testsuite hostname="DESKTOP-UU5DO0R" failures="0" tests="1" name="CreateWithPOJOAndLombok.CreateAnUserWithLombokTest" time="2.926" errors="0" timestamp="2025-04-20T17:49:56 EDT" skipped="0">
  <testcase classname="CreateWithPOJOAndLombok.CreateAnUserWithLombokTest" name="addUserTestWithLombokBuilderGetter" time="2.926"/>
  <system-out/>
</testsuite> <!-- CreateWithPOJOAndLombok.CreateAnUserWithLombokTest -->
