<?xml version="1.0" encoding="UTF-8"?>
<!-- Generated by org.testng.reporters.JUnitReportReporter -->
<testsuite hostname="DESKTOP-UU5DO0R" failures="0" tests="1" name="GetCallWithDesrialisation.GetAUserTest" time="2.916" errors="0" timestamp="2025-04-23T15:46:05 EDT" skipped="0">
  <testcase classname="GetCallWithDesrialisation.GetAUserTest" name="getAUserTest" time="2.916"/>
  <system-out/>
</testsuite> <!-- GetCallWithDesrialisation.GetAUserTest -->
