<?xml version="1.0" encoding="UTF-8"?>
<!-- Generated by org.testng.reporters.JUnitReportReporter -->
<testsuite hostname="DESKTOP-UU5DO0R" failures="0" tests="1" name="DeleteCallWithBDD.DeleteUserTest" time="4.773" errors="0" timestamp="2025-04-23T16:30:56 EDT" skipped="0">
  <testcase classname="DeleteCallWithBDD.DeleteUserTest" name="deleteSingleUserTest" time="4.773"/>
  <system-out/>
</testsuite> <!-- DeleteCallWithBDD.DeleteUserTest -->
