<?xml version="1.0" encoding="UTF-8"?>
<!-- Generated by org.testng.reporters.JUnitReportReporter -->
<testsuite hostname="DESKTOP-UU5DO0R" failures="0" tests="1" name="CreateUserWithPOJOAndLombok.CreateAnUserWithLombokTest" time="3.891" errors="0" timestamp="2025-04-20T17:37:45 EDT" skipped="0">
  <testcase classname="CreateUserWithPOJOAndLombok.CreateAnUserWithLombokTest" name="addUserTestWithLombokBuilder" time="3.891"/>
  <system-out/>
</testsuite> <!-- CreateUserWithPOJOAndLombok.CreateAnUserWithLombokTest -->
