<?xml version="1.0" encoding="UTF-8"?>
<!-- Generated by org.testng.reporters.JUnitReportReporter -->
<testsuite hostname="DESKTOP-UU5DO0R" failures="0" tests="1" name="CreateWithPOJOAndLombok.CreateContactTestWithPOJO" time="3.434" errors="0" timestamp="2025-04-20T21:35:14 EDT" skipped="0">
  <testcase classname="CreateWithPOJOAndLombok.CreateContactTestWithPOJO" name="addContactTest" time="3.434"/>
  <system-out/>
</testsuite> <!-- CreateWithPOJOAndLombok.CreateContactTestWithPOJO -->
