<?xml version="1.0" encoding="UTF-8"?>
<!-- Generated by org.testng.reporters.JUnitReportReporter -->
<testsuite hostname="DESKTOP-UU5DO0R" failures="0" tests="1" name="CreateUserWithPOJO.CreateUserTestWithPOJO" time="4.090" errors="0" timestamp="2025-04-20T17:01:15 EDT" skipped="0">
  <testcase classname="CreateUserWithPOJO.CreateUserTestWithPOJO" name="addUserTest" time="4.090"/>
  <system-out/>
</testsuite> <!-- CreateUserWithPOJO.CreateUserTestWithPOJO -->
