<?xml version="1.0" encoding="UTF-8"?>
<!-- Generated by org.testng.reporters.JUnitReportReporter -->
<testsuite hostname="DESKTOP-UU5DO0R" failures="0" tests="1" name="GETAPITestsWithBDD.GoRestAPITest" time="3.757" errors="0" timestamp="2025-04-18T16:31:05 EDT" skipped="0">
  <testcase classname="GETAPITestsWithBDD.GoRestAPITest" name="getAllUsersTest" time="3.757"/>
  <system-out/>
</testsuite> <!-- GETAPITestsWithBDD.GoRestAPITest -->
