<?xml version="1.0" encoding="UTF-8"?>
<!-- Generated by org.testng.reporters.JUnitReportReporter -->
<testsuite hostname="DESKTOP-UU5DO0R" failures="0" tests="3" name="BookingAPITests.BookingAPITest" time="4.682" errors="0" timestamp="2025-04-23T21:08:40 EDT" skipped="0">
  <testcase classname="BookingAPITests.BookingAPITest" name="createBookingTest" time="0.387"/>
  <system-out/>
  <testcase classname="BookingAPITests.BookingAPITest" name="updateBookingTest" time="3.652"/>
  <system-out/>
  <testcase classname="BookingAPITests.BookingAPITest" name="getBookingTest" time="0.643"/>
  <system-out/>
</testsuite> <!-- BookingAPITests.BookingAPITest -->
