<?xml version="1.0" encoding="UTF-8"?>
<!-- Generated by org.testng.reporters.JUnitReportReporter -->
<testsuite hostname="DESKTOP-UU5DO0R" failures="0" tests="1" name="CreateWithPOJOAndLombok.CreateAContactWithLombokTest" time="2.477" errors="0" timestamp="2025-04-20T21:44:13 EDT" skipped="0">
  <testcase classname="CreateWithPOJOAndLombok.CreateAContactWithLombokTest" name="addContactTestWithLombokBuilder" time="2.477"/>
  <system-out/>
</testsuite> <!-- CreateWithPOJOAndLombok.CreateAContactWithLombokTest -->
